# JRE version: OpenJDK Runtime Environment (8.0_202-b03) (build 1.8.0_202-release-1483-b03)
# Java VM: OpenJDK 64-Bit Server VM (25.202-b03 mixed mode windows-amd64 compressed oops)
Heap:
 PSYoungGen      total 112128K, used 68065K [0x00000000f5580000, 0x0000000100000000, 0x0000000100000000)
  eden space 83456K, 47% used [0x00000000f5580000,0x00000000f7bfb2f8,0x00000000fa700000)
  from space 28672K, 99% used [0x00000000fe280000,0x00000000ffe7d500,0x00000000ffe80000)
  to   space 45568K, 0% used [0x00000000fa700000,0x00000000fa700000,0x00000000fd380000)
 ParOldGen       total 291328K, used 202935K [0x00000000e0000000, 0x00000000f1c80000, 0x00000000f5580000)
  object space 291328K, 69% used [0x00000000e0000000,0x00000000ec62dde8,0x00000000f1c80000)
 Metaspace       used 109231K, capacity 116562K, committed 116736K, reserved 1150976K
  class space    used 14166K, capacity 15828K, committed 15872K, reserved 1048576K
GC Heap History (10 events):
Event: 175.392 GC heap before
{Heap before GC invocations=39 (full 5):
 PSYoungGen      total 140288K, used 112464K [0x00000000f5580000, 0x0000000100000000, 0x0000000100000000)
  eden space 108544K, 100% used [0x00000000f5580000,0x00000000fbf80000,0x00000000fbf80000)
  from space 31744K, 12% used [0x00000000fbf80000,0x00000000fc354308,0x00000000fde80000)
  to   space 31744K, 0% used [0x00000000fe100000,0x00000000fe100000,0x0000000100000000)
 ParOldGen       total 291328K, used 157030K [0x00000000e0000000, 0x00000000f1c80000, 0x00000000f5580000)
  object space 291328K, 53% used [0x00000000e0000000,0x00000000e99598f8,0x00000000f1c80000)
 Metaspace       used 107972K, capacity 115236K, committed 115456K, reserved 1148928K
  class space    used 14100K, capacity 15769K, committed 15872K, reserved 1048576K
Event: 175.402 GC heap after
Heap after GC invocations=39 (full 5):
 PSYoungGen      total 141824K, used 4766K [0x00000000f5580000, 0x00000000fff00000, 0x0000000100000000)
  eden space 111104K, 0% used [0x00000000f5580000,0x00000000f5580000,0x00000000fc200000)
  from space 30720K, 15% used [0x00000000fe100000,0x00000000fe5a7a68,0x00000000fff00000)
  to   space 31232K, 0% used [0x00000000fc200000,0x00000000fc200000,0x00000000fe080000)
 ParOldGen       total 291328K, used 158284K [0x00000000e0000000, 0x00000000f1c80000, 0x00000000f5580000)
  object space 291328K, 54% used [0x00000000e0000000,0x00000000e9a93380,0x00000000f1c80000)
 Metaspace       used 107972K, capacity 115236K, committed 115456K, reserved 1148928K
  class space    used 14100K, capacity 15769K, committed 15872K, reserved 1048576K
}
Event: 175.685 GC heap before
{Heap before GC invocations=40 (full 5):
 PSYoungGen      total 141824K, used 115870K [0x00000000f5580000, 0x00000000fff00000, 0x0000000100000000)
  eden space 111104K, 100% used [0x00000000f5580000,0x00000000fc200000,0x00000000fc200000)
  from space 30720K, 15% used [0x00000000fe100000,0x00000000fe5a7a68,0x00000000fff00000)
  to   space 31232K, 0% used [0x00000000fc200000,0x00000000fc200000,0x00000000fe080000)
 ParOldGen       total 291328K, used 158284K [0x00000000e0000000, 0x00000000f1c80000, 0x00000000f5580000)
  object space 291328K, 54% used [0x00000000e0000000,0x00000000e9a93380,0x00000000f1c80000)
 Metaspace       used 108284K, capacity 115540K, committed 115712K, reserved 1148928K
  class space    used 14107K, capacity 15773K, committed 15872K, reserved 1048576K
Event: 175.706 GC heap after
Heap after GC invocations=40 (full 5):
 PSYoungGen      total 142336K, used 11851K [0x00000000f5580000, 0x00000000ffd80000, 0x0000000100000000)
  eden space 111104K, 0% used [0x00000000f5580000,0x00000000f5580000,0x00000000fc200000)
  from space 31232K, 37% used [0x00000000fc200000,0x00000000fcd92ce0,0x00000000fe080000)
  to   space 29696K, 0% used [0x00000000fe080000,0x00000000fe080000,0x00000000ffd80000)
 ParOldGen       total 291328K, used 159253K [0x00000000e0000000, 0x00000000f1c80000, 0x00000000f5580000)
  object space 291328K, 54% used [0x00000000e0000000,0x00000000e9b85410,0x00000000f1c80000)
 Metaspace       used 108284K, capacity 115540K, committed 115712K, reserved 1148928K
  class space    used 14107K, capacity 15773K, committed 15872K, reserved 1048576K
}
Event: 175.977 GC heap before
{Heap before GC invocations=41 (full 5):
 PSYoungGen      total 142336K, used 122856K [0x00000000f5580000, 0x00000000ffd80000, 0x0000000100000000)
  eden space 111104K, 99% used [0x00000000f5580000,0x00000000fc1e7418,0x00000000fc200000)
  from space 31232K, 37% used [0x00000000fc200000,0x00000000fcd92ce0,0x00000000fe080000)
  to   space 29696K, 0% used [0x00000000fe080000,0x00000000fe080000,0x00000000ffd80000)
 ParOldGen       total 291328K, used 159253K [0x00000000e0000000, 0x00000000f1c80000, 0x00000000f5580000)
  object space 291328K, 54% used [0x00000000e0000000,0x00000000e9b85410,0x00000000f1c80000)
 Metaspace       used 108602K, capacity 115804K, committed 115968K, reserved 1148928K
  class space    used 14107K, capacity 15773K, committed 15872K, reserved 1048576K
Event: 176.008 GC heap after
Heap after GC invocations=41 (full 5):
 PSYoungGen      total 142848K, used 6336K [0x00000000f5580000, 0x00000000ffd80000, 0x0000000100000000)
  eden space 113152K, 0% used [0x00000000f5580000,0x00000000f5580000,0x00000000fc400000)
  from space 29696K, 21% used [0x00000000fe080000,0x00000000fe6b0040,0x00000000ffd80000)
  to   space 29184K, 0% used [0x00000000fc400000,0x00000000fc400000,0x00000000fe080000)
 ParOldGen       total 291328K, used 169340K [0x00000000e0000000, 0x00000000f1c80000, 0x00000000f5580000)
  object space 291328K, 58% used [0x00000000e0000000,0x00000000ea55f020,0x00000000f1c80000)
 Metaspace       used 108602K, capacity 115804K, committed 115968K, reserved 1148928K
  class space    used 14107K, capacity 15773K, committed 15872K, reserved 1048576K
}
Event: 176.503 GC heap before
{Heap before GC invocations=42 (full 5):
 PSYoungGen      total 142848K, used 119488K [0x00000000f5580000, 0x00000000ffd80000, 0x0000000100000000)
  eden space 113152K, 100% used [0x00000000f5580000,0x00000000fc400000,0x00000000fc400000)
  from space 29696K, 21% used [0x00000000fe080000,0x00000000fe6b0040,0x00000000ffd80000)
  to   space 29184K, 0% used [0x00000000fc400000,0x00000000fc400000,0x00000000fe080000)
 ParOldGen       total 291328K, used 169340K [0x00000000e0000000, 0x00000000f1c80000, 0x00000000f5580000)
  object space 291328K, 58% used [0x00000000e0000000,0x00000000ea55f020,0x00000000f1c80000)
 Metaspace       used 108689K, capacity 115878K, committed 116224K, reserved 1148928K
  class space    used 14116K, capacity 15776K, committed 15872K, reserved 1048576K
Event: 176.521 GC heap after
Heap after GC invocations=42 (full 5):
 PSYoungGen      total 142336K, used 15655K [0x00000000f5580000, 0x00000000ffe80000, 0x0000000100000000)
  eden space 113152K, 0% used [0x00000000f5580000,0x00000000f5580000,0x00000000fc400000)
  from space 29184K, 53% used [0x00000000fc400000,0x00000000fd349d40,0x00000000fe080000)
  to   space 28672K, 0% used [0x00000000fe280000,0x00000000fe280000,0x00000000ffe80000)
 ParOldGen       total 291328K, used 169732K [0x00000000e0000000, 0x00000000f1c80000, 0x00000000f5580000)
  object space 291328K, 58% used [0x00000000e0000000,0x00000000ea5c1020,0x00000000f1c80000)
 Metaspace       used 108689K, capacity 115878K, committed 116224K, reserved 1148928K
  class space    used 14116K, capacity 15776K, committed 15872K, reserved 1048576K
}
Event: 176.772 GC heap before
{Heap before GC invocations=43 (full 5):
 PSYoungGen      total 142336K, used 128807K [0x00000000f5580000, 0x00000000ffe80000, 0x0000000100000000)
  eden space 113152K, 100% used [0x00000000f5580000,0x00000000fc400000,0x00000000fc400000)
  from space 29184K, 53% used [0x00000000fc400000,0x00000000fd349d40,0x00000000fe080000)
  to   space 28672K, 0% used [0x00000000fe280000,0x00000000fe280000,0x00000000ffe80000)
 ParOldGen       total 291328K, used 169732K [0x00000000e0000000, 0x00000000f1c80000, 0x00000000f5580000)
  object space 291328K, 58% used [0x00000000e0000000,0x00000000ea5c1020,0x00000000f1c80000)
 Metaspace       used 109183K, capacity 116482K, committed 116736K, reserved 1150976K
  class space    used 14166K, capacity 15828K, committed 15872K, reserved 1048576K
Event: 176.834 GC heap after
Heap after GC invocations=43 (full 5):
 PSYoungGen      total 112128K, used 28661K [0x00000000f5580000, 0x0000000100000000, 0x0000000100000000)
  eden space 83456K, 0% used [0x00000000f5580000,0x00000000f5580000,0x00000000fa700000)
  from space 28672K, 99% used [0x00000000fe280000,0x00000000ffe7d500,0x00000000ffe80000)
  to   space 45568K, 0% used [0x00000000fa700000,0x00000000fa700000,0x00000000fd380000)
 ParOldGen       total 291328K, used 202935K [0x00000000e0000000, 0x00000000f1c80000, 0x00000000f5580000)
  object space 291328K, 69% used [0x00000000e0000000,0x00000000ec62dde8,0x00000000f1c80000)
 Metaspace       used 109183K, capacity 116482K, committed 116736K, reserved 1150976K
  class space    used 14166K, capacity 15828K, committed 15872K, reserved 1048576K
}

