# JRE version: OpenJDK Runtime Environment (8.0_202-b03) (build 1.8.0_202-release-1483-b03)
# Java VM: OpenJDK 64-Bit Server VM (25.202-b03 mixed mode windows-amd64 compressed oops)
Heap:
 PSYoungGen      total 118784K, used 34839K [0x00000000f5580000, 0x00000000ffe00000, 0x0000000100000000)
  eden space 96768K, 13% used [0x00000000f5580000,0x00000000f6216698,0x00000000fb400000)
  from space 22016K, 99% used [0x00000000fb400000,0x00000000fc96f5e8,0x00000000fc980000)
  to   space 37376K, 0% used [0x00000000fd980000,0x00000000fd980000,0x00000000ffe00000)
 ParOldGen       total 309760K, used 169702K [0x00000000e0000000, 0x00000000f2e80000, 0x00000000f5580000)
  object space 309760K, 54% used [0x00000000e0000000,0x00000000ea5b99d8,0x00000000f2e80000)
 Metaspace       used 153719K, capacity 162467K, committed 162560K, reserved 1189888K
  class space    used 19297K, capacity 21233K, committed 21248K, reserved 1048576K
GC Heap History (10 events):
Event: 100.712 GC heap before
{Heap before GC invocations=76 (full 5):
 PSYoungGen      total 137728K, used 125171K [0x00000000f5580000, 0x0000000100000000, 0x0000000100000000)
  eden space 100864K, 100% used [0x00000000f5580000,0x00000000fb800000,0x00000000fb800000)
  from space 36864K, 65% used [0x00000000fdc00000,0x00000000ff3bcce0,0x0000000100000000)
  to   space 36864K, 0% used [0x00000000fb800000,0x00000000fb800000,0x00000000fdc00000)
 ParOldGen       total 309760K, used 164719K [0x00000000e0000000, 0x00000000f2e80000, 0x00000000f5580000)
  object space 309760K, 53% used [0x00000000e0000000,0x00000000ea0dbdf8,0x00000000f2e80000)
 Metaspace       used 143532K, capacity 150447K, committed 150656K, reserved 1179648K
  class space    used 17835K, capacity 19481K, committed 19584K, reserved 1048576K
Event: 100.768 GC heap after
Heap after GC invocations=76 (full 5):
 PSYoungGen      total 129024K, used 28126K [0x00000000f5580000, 0x0000000100000000, 0x0000000100000000)
  eden space 100864K, 0% used [0x00000000f5580000,0x00000000f5580000,0x00000000fb800000)
  from space 28160K, 99% used [0x00000000fb800000,0x00000000fd3778b0,0x00000000fd380000)
  to   space 37888K, 0% used [0x00000000fdb00000,0x00000000fdb00000,0x0000000100000000)
 ParOldGen       total 309760K, used 164727K [0x00000000e0000000, 0x00000000f2e80000, 0x00000000f5580000)
  object space 309760K, 53% used [0x00000000e0000000,0x00000000ea0dddf8,0x00000000f2e80000)
 Metaspace       used 143532K, capacity 150447K, committed 150656K, reserved 1179648K
  class space    used 17835K, capacity 19481K, committed 19584K, reserved 1048576K
}
Event: 102.547 GC heap before
{Heap before GC invocations=77 (full 5):
 PSYoungGen      total 129024K, used 128990K [0x00000000f5580000, 0x0000000100000000, 0x0000000100000000)
  eden space 100864K, 100% used [0x00000000f5580000,0x00000000fb800000,0x00000000fb800000)
  from space 28160K, 99% used [0x00000000fb800000,0x00000000fd3778b0,0x00000000fd380000)
  to   space 37888K, 0% used [0x00000000fdb00000,0x00000000fdb00000,0x0000000100000000)
 ParOldGen       total 309760K, used 164727K [0x00000000e0000000, 0x00000000f2e80000, 0x00000000f5580000)
  object space 309760K, 53% used [0x00000000e0000000,0x00000000ea0dddf8,0x00000000f2e80000)
 Metaspace       used 145676K, capacity 152923K, committed 152960K, reserved 1181696K
  class space    used 18115K, capacity 19817K, committed 19840K, reserved 1048576K
Event: 102.566 GC heap after
Heap after GC invocations=77 (full 5):
 PSYoungGen      total 138240K, used 19805K [0x00000000f5580000, 0x0000000100000000, 0x0000000100000000)
  eden space 100352K, 0% used [0x00000000f5580000,0x00000000f5580000,0x00000000fb780000)
  from space 37888K, 52% used [0x00000000fdb00000,0x00000000fee57538,0x0000000100000000)
  to   space 36352K, 0% used [0x00000000fb780000,0x00000000fb780000,0x00000000fdb00000)
 ParOldGen       total 309760K, used 164735K [0x00000000e0000000, 0x00000000f2e80000, 0x00000000f5580000)
  object space 309760K, 53% used [0x00000000e0000000,0x00000000ea0dfdf8,0x00000000f2e80000)
 Metaspace       used 145676K, capacity 152923K, committed 152960K, reserved 1181696K
  class space    used 18115K, capacity 19817K, committed 19840K, reserved 1048576K
}
Event: 103.310 GC heap before
{Heap before GC invocations=78 (full 5):
 PSYoungGen      total 138240K, used 120157K [0x00000000f5580000, 0x0000000100000000, 0x0000000100000000)
  eden space 100352K, 100% used [0x00000000f5580000,0x00000000fb780000,0x00000000fb780000)
  from space 37888K, 52% used [0x00000000fdb00000,0x00000000fee57538,0x0000000100000000)
  to   space 36352K, 0% used [0x00000000fb780000,0x00000000fb780000,0x00000000fdb00000)
 ParOldGen       total 309760K, used 164744K [0x00000000e0000000, 0x00000000f2e80000, 0x00000000f5580000)
  object space 309760K, 53% used [0x00000000e0000000,0x00000000ea0e2030,0x00000000f2e80000)
 Metaspace       used 152350K, capacity 160279K, committed 160512K, reserved 1189888K
  class space    used 19086K, capacity 20941K, committed 20992K, reserved 1048576K
Event: 103.328 GC heap after
Heap after GC invocations=78 (full 5):
 PSYoungGen      total 136704K, used 28830K [0x00000000f5580000, 0x0000000100000000, 0x0000000100000000)
  eden space 100352K, 0% used [0x00000000f5580000,0x00000000f5580000,0x00000000fb780000)
  from space 36352K, 79% used [0x00000000fb780000,0x00000000fd3a7b28,0x00000000fdb00000)
  to   space 37888K, 0% used [0x00000000fdb00000,0x00000000fdb00000,0x0000000100000000)
 ParOldGen       total 309760K, used 164752K [0x00000000e0000000, 0x00000000f2e80000, 0x00000000f5580000)
  object space 309760K, 53% used [0x00000000e0000000,0x00000000ea0e4030,0x00000000f2e80000)
 Metaspace       used 152350K, capacity 160279K, committed 160512K, reserved 1189888K
  class space    used 19086K, capacity 20941K, committed 20992K, reserved 1048576K
}
Event: 103.722 GC heap before
{Heap before GC invocations=79 (full 5):
 PSYoungGen      total 136704K, used 129182K [0x00000000f5580000, 0x0000000100000000, 0x0000000100000000)
  eden space 100352K, 100% used [0x00000000f5580000,0x00000000fb780000,0x00000000fb780000)
  from space 36352K, 79% used [0x00000000fb780000,0x00000000fd3a7b28,0x00000000fdb00000)
  to   space 37888K, 0% used [0x00000000fdb00000,0x00000000fdb00000,0x0000000100000000)
 ParOldGen       total 309760K, used 165010K [0x00000000e0000000, 0x00000000f2e80000, 0x00000000f5580000)
  object space 309760K, 53% used [0x00000000e0000000,0x00000000ea124810,0x00000000f2e80000)
 Metaspace       used 153509K, capacity 162237K, committed 162304K, reserved 1189888K
  class space    used 19278K, capacity 21200K, committed 21248K, reserved 1048576K
Event: 103.747 GC heap after
Heap after GC invocations=79 (full 5):
 PSYoungGen      total 134656K, used 28304K [0x00000000f5580000, 0x0000000100000000, 0x0000000100000000)
  eden space 96768K, 0% used [0x00000000f5580000,0x00000000f5580000,0x00000000fb400000)
  from space 37888K, 74% used [0x00000000fdb00000,0x00000000ff6a42c8,0x0000000100000000)
  to   space 38912K, 0% used [0x00000000fb400000,0x00000000fb400000,0x00000000fda00000)
 ParOldGen       total 309760K, used 165018K [0x00000000e0000000, 0x00000000f2e80000, 0x00000000f5580000)
  object space 309760K, 53% used [0x00000000e0000000,0x00000000ea126810,0x00000000f2e80000)
 Metaspace       used 153509K, capacity 162237K, committed 162304K, reserved 1189888K
  class space    used 19278K, capacity 21200K, committed 21248K, reserved 1048576K
}
Event: 104.073 GC heap before
{Heap before GC invocations=80 (full 5):
 PSYoungGen      total 134656K, used 125072K [0x00000000f5580000, 0x0000000100000000, 0x0000000100000000)
  eden space 96768K, 100% used [0x00000000f5580000,0x00000000fb400000,0x00000000fb400000)
  from space 37888K, 74% used [0x00000000fdb00000,0x00000000ff6a42c8,0x0000000100000000)
  to   space 38912K, 0% used [0x00000000fb400000,0x00000000fb400000,0x00000000fda00000)
 ParOldGen       total 309760K, used 165018K [0x00000000e0000000, 0x00000000f2e80000, 0x00000000f5580000)
  object space 309760K, 53% used [0x00000000e0000000,0x00000000ea126810,0x00000000f2e80000)
 Metaspace       used 153654K, capacity 162403K, committed 162560K, reserved 1189888K
  class space    used 19290K, capacity 21233K, committed 21248K, reserved 1048576K
Event: 104.098 GC heap after
Heap after GC invocations=80 (full 5):
 PSYoungGen      total 118784K, used 21949K [0x00000000f5580000, 0x00000000ffe00000, 0x0000000100000000)
  eden space 96768K, 0% used [0x00000000f5580000,0x00000000f5580000,0x00000000fb400000)
  from space 22016K, 99% used [0x00000000fb400000,0x00000000fc96f5e8,0x00000000fc980000)
  to   space 37376K, 0% used [0x00000000fd980000,0x00000000fd980000,0x00000000ffe00000)
 ParOldGen       total 309760K, used 169702K [0x00000000e0000000, 0x00000000f2e80000, 0x00000000f5580000)
  object space 309760K, 54% used [0x00000000e0000000,0x00000000ea5b99d8,0x00000000f2e80000)
 Metaspace       used 153654K, capacity 162403K, committed 162560K, reserved 1189888K
  class space    used 19290K, capacity 21233K, committed 21248K, reserved 1048576K
}

