# JRE version: OpenJDK Runtime Environment (8.0_202-b03) (build 1.8.0_202-release-1483-b03)
# Java VM: OpenJDK 64-Bit Server VM (25.202-b03 mixed mode windows-amd64 compressed oops)
Heap:
 PSYoungGen      total 67584K, used 36279K [0x00000000f5580000, 0x00000000fa580000, 0x0000000100000000)
  eden space 53248K, 51% used [0x00000000f5580000,0x00000000f7062938,0x00000000f8980000)
  from space 14336K, 61% used [0x00000000f9780000,0x00000000fa00b3d8,0x00000000fa580000)
  to   space 14336K, 0% used [0x00000000f8980000,0x00000000f8980000,0x00000000f9780000)
 ParOldGen       total 114176K, used 19583K [0x00000000e0000000, 0x00000000e6f80000, 0x00000000f5580000)
  object space 114176K, 17% used [0x00000000e0000000,0x00000000e131fe08,0x00000000e6f80000)
 Metaspace       used 47446K, capacity 48262K, committed 48768K, reserved 1091584K
  class space    used 5783K, capacity 5986K, committed 6016K, reserved 1048576K
GC Heap History (10 events):
Event: 3.546 GC heap before
{Heap before GC invocations=7 (full 2):
 PSYoungGen      total 37888K, used 37866K [0x00000000f5580000, 0x00000000f8e00000, 0x0000000100000000)
  eden space 32768K, 100% used [0x00000000f5580000,0x00000000f7580000,0x00000000f7580000)
  from space 5120K, 99% used [0x00000000f7a80000,0x00000000f7f7ab68,0x00000000f7f80000)
  to   space 5120K, 0% used [0x00000000f7580000,0x00000000f7580000,0x00000000f7a80000)
 ParOldGen       total 70144K, used 13326K [0x00000000e0000000, 0x00000000e4480000, 0x00000000f5580000)
  object space 70144K, 18% used [0x00000000e0000000,0x00000000e0d03b68,0x00000000e4480000)
 Metaspace       used 29860K, capacity 30301K, committed 30592K, reserved 1075200K
  class space    used 3757K, capacity 3889K, committed 3968K, reserved 1048576K
Event: 3.554 GC heap after
Heap after GC invocations=7 (full 2):
 PSYoungGen      total 37888K, used 5118K [0x00000000f5580000, 0x00000000f8f80000, 0x0000000100000000)
  eden space 32768K, 0% used [0x00000000f5580000,0x00000000f5580000,0x00000000f7580000)
  from space 5120K, 99% used [0x00000000f7580000,0x00000000f7a7fb18,0x00000000f7a80000)
  to   space 5120K, 0% used [0x00000000f8a80000,0x00000000f8a80000,0x00000000f8f80000)
 ParOldGen       total 70144K, used 19736K [0x00000000e0000000, 0x00000000e4480000, 0x00000000f5580000)
  object space 70144K, 28% used [0x00000000e0000000,0x00000000e13463f8,0x00000000e4480000)
 Metaspace       used 29860K, capacity 30301K, committed 30592K, reserved 1075200K
  class space    used 3757K, capacity 3889K, committed 3968K, reserved 1048576K
}
Event: 3.969 GC heap before
{Heap before GC invocations=8 (full 2):
 PSYoungGen      total 37888K, used 33533K [0x00000000f5580000, 0x00000000f8f80000, 0x0000000100000000)
  eden space 32768K, 86% used [0x00000000f5580000,0x00000000f713fb70,0x00000000f7580000)
  from space 5120K, 99% used [0x00000000f7580000,0x00000000f7a7fb18,0x00000000f7a80000)
  to   space 5120K, 0% used [0x00000000f8a80000,0x00000000f8a80000,0x00000000f8f80000)
 ParOldGen       total 70144K, used 19736K [0x00000000e0000000, 0x00000000e4480000, 0x00000000f5580000)
  object space 70144K, 28% used [0x00000000e0000000,0x00000000e13463f8,0x00000000e4480000)
 Metaspace       used 34709K, capacity 35161K, committed 35496K, reserved 1081344K
  class space    used 4346K, capacity 4477K, committed 4480K, reserved 1048576K
Event: 3.976 GC heap after
Heap after GC invocations=8 (full 2):
 PSYoungGen      total 44032K, used 5118K [0x00000000f5580000, 0x00000000fa400000, 0x0000000100000000)
  eden space 38912K, 0% used [0x00000000f5580000,0x00000000f5580000,0x00000000f7b80000)
  from space 5120K, 99% used [0x00000000f8a80000,0x00000000f8f7fb18,0x00000000f8f80000)
  to   space 15360K, 0% used [0x00000000f7b80000,0x00000000f7b80000,0x00000000f8a80000)
 ParOldGen       total 70144K, used 26875K [0x00000000e0000000, 0x00000000e4480000, 0x00000000f5580000)
  object space 70144K, 38% used [0x00000000e0000000,0x00000000e1a3eee0,0x00000000e4480000)
 Metaspace       used 34709K, capacity 35161K, committed 35496K, reserved 1081344K
  class space    used 4346K, capacity 4477K, committed 4480K, reserved 1048576K
}
Event: 3.976 GC heap before
{Heap before GC invocations=9 (full 3):
 PSYoungGen      total 44032K, used 5118K [0x00000000f5580000, 0x00000000fa400000, 0x0000000100000000)
  eden space 38912K, 0% used [0x00000000f5580000,0x00000000f5580000,0x00000000f7b80000)
  from space 5120K, 99% used [0x00000000f8a80000,0x00000000f8f7fb18,0x00000000f8f80000)
  to   space 15360K, 0% used [0x00000000f7b80000,0x00000000f7b80000,0x00000000f8a80000)
 ParOldGen       total 70144K, used 26875K [0x00000000e0000000, 0x00000000e4480000, 0x00000000f5580000)
  object space 70144K, 38% used [0x00000000e0000000,0x00000000e1a3eee0,0x00000000e4480000)
 Metaspace       used 34709K, capacity 35161K, committed 35496K, reserved 1081344K
  class space    used 4346K, capacity 4477K, committed 4480K, reserved 1048576K
Event: 4.024 GC heap after
Heap after GC invocations=9 (full 3):
 PSYoungGen      total 44032K, used 0K [0x00000000f5580000, 0x00000000fa400000, 0x0000000100000000)
  eden space 38912K, 0% used [0x00000000f5580000,0x00000000f5580000,0x00000000f7b80000)
  from space 5120K, 0% used [0x00000000f8a80000,0x00000000f8a80000,0x00000000f8f80000)
  to   space 15360K, 0% used [0x00000000f7b80000,0x00000000f7b80000,0x00000000f8a80000)
 ParOldGen       total 114176K, used 19552K [0x00000000e0000000, 0x00000000e6f80000, 0x00000000f5580000)
  object space 114176K, 17% used [0x00000000e0000000,0x00000000e1318378,0x00000000e6f80000)
 Metaspace       used 34709K, capacity 35161K, committed 35496K, reserved 1081344K
  class space    used 4346K, capacity 4477K, committed 4480K, reserved 1048576K
}
Event: 4.595 GC heap before
{Heap before GC invocations=10 (full 3):
 PSYoungGen      total 44032K, used 38912K [0x00000000f5580000, 0x00000000fa400000, 0x0000000100000000)
  eden space 38912K, 100% used [0x00000000f5580000,0x00000000f7b80000,0x00000000f7b80000)
  from space 5120K, 0% used [0x00000000f8a80000,0x00000000f8a80000,0x00000000f8f80000)
  to   space 15360K, 0% used [0x00000000f7b80000,0x00000000f7b80000,0x00000000f8a80000)
 ParOldGen       total 114176K, used 19552K [0x00000000e0000000, 0x00000000e6f80000, 0x00000000f5580000)
  object space 114176K, 17% used [0x00000000e0000000,0x00000000e1318378,0x00000000e6f80000)
 Metaspace       used 40556K, capacity 41139K, committed 41728K, reserved 1085440K
  class space    used 5107K, capacity 5268K, committed 5376K, reserved 1048576K
Event: 4.602 GC heap after
Heap after GC invocations=10 (full 3):
 PSYoungGen      total 54272K, used 9561K [0x00000000f5580000, 0x00000000fa600000, 0x0000000100000000)
  eden space 38912K, 0% used [0x00000000f5580000,0x00000000f5580000,0x00000000f7b80000)
  from space 15360K, 62% used [0x00000000f7b80000,0x00000000f84d6798,0x00000000f8a80000)
  to   space 14848K, 0% used [0x00000000f9780000,0x00000000f9780000,0x00000000fa600000)
 ParOldGen       total 114176K, used 19560K [0x00000000e0000000, 0x00000000e6f80000, 0x00000000f5580000)
  object space 114176K, 17% used [0x00000000e0000000,0x00000000e131a378,0x00000000e6f80000)
 Metaspace       used 40556K, capacity 41139K, committed 41728K, reserved 1085440K
  class space    used 5107K, capacity 5268K, committed 5376K, reserved 1048576K
}
Event: 4.996 GC heap before
{Heap before GC invocations=11 (full 3):
 PSYoungGen      total 54272K, used 48473K [0x00000000f5580000, 0x00000000fa600000, 0x0000000100000000)
  eden space 38912K, 100% used [0x00000000f5580000,0x00000000f7b80000,0x00000000f7b80000)
  from space 15360K, 62% used [0x00000000f7b80000,0x00000000f84d6798,0x00000000f8a80000)
  to   space 14848K, 0% used [0x00000000f9780000,0x00000000f9780000,0x00000000fa600000)
 ParOldGen       total 114176K, used 19560K [0x00000000e0000000, 0x00000000e6f80000, 0x00000000f5580000)
  object space 114176K, 17% used [0x00000000e0000000,0x00000000e131a378,0x00000000e6f80000)
 Metaspace       used 43805K, capacity 44489K, committed 44800K, reserved 1089536K
  class space    used 5442K, capacity 5607K, committed 5632K, reserved 1048576K
Event: 5.003 GC heap after
Heap after GC invocations=11 (full 3):
 PSYoungGen      total 67584K, used 8748K [0x00000000f5580000, 0x00000000fa580000, 0x0000000100000000)
  eden space 53248K, 0% used [0x00000000f5580000,0x00000000f5580000,0x00000000f8980000)
  from space 14336K, 61% used [0x00000000f9780000,0x00000000fa00b3d8,0x00000000fa580000)
  to   space 14336K, 0% used [0x00000000f8980000,0x00000000f8980000,0x00000000f9780000)
 ParOldGen       total 114176K, used 19583K [0x00000000e0000000, 0x00000000e6f80000, 0x00000000f5580000)
  object space 114176K, 17% used [0x00000000e0000000,0x00000000e131fe08,0x00000000e6f80000)
 Metaspace       used 43805K, capacity 44489K, committed 44800K, reserved 1089536K
  class space    used 5442K, capacity 5607K, committed 5632K, reserved 1048576K
}

