# JRE version: OpenJDK Runtime Environment (8.0_202-b03) (build 1.8.0_202-release-1483-b03)
# Java VM: OpenJDK 64-Bit Server VM (25.202-b03 mixed mode windows-amd64 compressed oops)
Heap:
 PSYoungGen      total 116736K, used 13134K [0x00000000f5580000, 0x0000000100000000, 0x0000000100000000)
  eden space 58880K, 9% used [0x00000000f5580000,0x00000000f5ab0408,0x00000000f8f00000)
  from space 57856K, 13% used [0x00000000fc780000,0x00000000fcf23520,0x0000000100000000)
  to   space 57856K, 0% used [0x00000000f8f00000,0x00000000f8f00000,0x00000000fc780000)
 ParOldGen       total 309760K, used 254075K [0x00000000e0000000, 0x00000000f2e80000, 0x00000000f5580000)
  object space 309760K, 82% used [0x00000000e0000000,0x00000000ef81ecd8,0x00000000f2e80000)
 Metaspace       used 108777K, capacity 115874K, committed 116224K, reserved 1150976K
  class space    used 13911K, capacity 15497K, committed 15616K, reserved 1048576K
GC Heap History (10 events):
Event: 404.475 GC heap before
{Heap before GC invocations=88 (full 6):
 PSYoungGen      total 116736K, used 87855K [0x00000000f5580000, 0x0000000100000000, 0x0000000100000000)
  eden space 58880K, 100% used [0x00000000f5580000,0x00000000f8f00000,0x00000000f8f00000)
  from space 57856K, 50% used [0x00000000f8f00000,0x00000000fab4be38,0x00000000fc780000)
  to   space 57856K, 0% used [0x00000000fc780000,0x00000000fc780000,0x0000000100000000)
 ParOldGen       total 309760K, used 229376K [0x00000000e0000000, 0x00000000f2e80000, 0x00000000f5580000)
  object space 309760K, 74% used [0x00000000e0000000,0x00000000ee000170,0x00000000f2e80000)
 Metaspace       used 105291K, capacity 112172K, committed 112256K, reserved 1146880K
  class space    used 13420K, capacity 14958K, committed 14976K, reserved 1048576K
Event: 404.877 GC heap after
Heap after GC invocations=88 (full 6):
 PSYoungGen      total 116736K, used 14133K [0x00000000f5580000, 0x0000000100000000, 0x0000000100000000)
  eden space 58880K, 0% used [0x00000000f5580000,0x00000000f5580000,0x00000000f8f00000)
  from space 57856K, 24% used [0x00000000fc780000,0x00000000fd54d5d8,0x0000000100000000)
  to   space 57856K, 0% used [0x00000000f8f00000,0x00000000f8f00000,0x00000000fc780000)
 ParOldGen       total 309760K, used 248107K [0x00000000e0000000, 0x00000000f2e80000, 0x00000000f5580000)
  object space 309760K, 80% used [0x00000000e0000000,0x00000000ef24af50,0x00000000f2e80000)
 Metaspace       used 105291K, capacity 112172K, committed 112256K, reserved 1146880K
  class space    used 13420K, capacity 14958K, committed 14976K, reserved 1048576K
}
Event: 405.864 GC heap before
{Heap before GC invocations=89 (full 6):
 PSYoungGen      total 116736K, used 73013K [0x00000000f5580000, 0x0000000100000000, 0x0000000100000000)
  eden space 58880K, 100% used [0x00000000f5580000,0x00000000f8f00000,0x00000000f8f00000)
  from space 57856K, 24% used [0x00000000fc780000,0x00000000fd54d5d8,0x0000000100000000)
  to   space 57856K, 0% used [0x00000000f8f00000,0x00000000f8f00000,0x00000000fc780000)
 ParOldGen       total 309760K, used 248107K [0x00000000e0000000, 0x00000000f2e80000, 0x00000000f5580000)
  object space 309760K, 80% used [0x00000000e0000000,0x00000000ef24af50,0x00000000f2e80000)
 Metaspace       used 105344K, capacity 112178K, committed 112256K, reserved 1146880K
  class space    used 13420K, capacity 14959K, committed 14976K, reserved 1048576K
Event: 405.917 GC heap after
Heap after GC invocations=89 (full 6):
 PSYoungGen      total 116736K, used 11054K [0x00000000f5580000, 0x0000000100000000, 0x0000000100000000)
  eden space 58880K, 0% used [0x00000000f5580000,0x00000000f5580000,0x00000000f8f00000)
  from space 57856K, 19% used [0x00000000f8f00000,0x00000000f99cbb90,0x00000000fc780000)
  to   space 57856K, 0% used [0x00000000fc780000,0x00000000fc780000,0x0000000100000000)
 ParOldGen       total 309760K, used 251271K [0x00000000e0000000, 0x00000000f2e80000, 0x00000000f5580000)
  object space 309760K, 81% used [0x00000000e0000000,0x00000000ef561ee0,0x00000000f2e80000)
 Metaspace       used 105344K, capacity 112178K, committed 112256K, reserved 1146880K
  class space    used 13420K, capacity 14959K, committed 14976K, reserved 1048576K
}
Event: 406.965 GC heap before
{Heap before GC invocations=90 (full 6):
 PSYoungGen      total 116736K, used 69934K [0x00000000f5580000, 0x0000000100000000, 0x0000000100000000)
  eden space 58880K, 100% used [0x00000000f5580000,0x00000000f8f00000,0x00000000f8f00000)
  from space 57856K, 19% used [0x00000000f8f00000,0x00000000f99cbb90,0x00000000fc780000)
  to   space 57856K, 0% used [0x00000000fc780000,0x00000000fc780000,0x0000000100000000)
 ParOldGen       total 309760K, used 251271K [0x00000000e0000000, 0x00000000f2e80000, 0x00000000f5580000)
  object space 309760K, 81% used [0x00000000e0000000,0x00000000ef561ee0,0x00000000f2e80000)
 Metaspace       used 105400K, capacity 112242K, committed 112512K, reserved 1146880K
  class space    used 13424K, capacity 14959K, committed 14976K, reserved 1048576K
Event: 406.992 GC heap after
Heap after GC invocations=90 (full 6):
 PSYoungGen      total 116736K, used 8527K [0x00000000f5580000, 0x0000000100000000, 0x0000000100000000)
  eden space 58880K, 0% used [0x00000000f5580000,0x00000000f5580000,0x00000000f8f00000)
  from space 57856K, 14% used [0x00000000fc780000,0x00000000fcfd3df8,0x0000000100000000)
  to   space 57856K, 0% used [0x00000000f8f00000,0x00000000f8f00000,0x00000000fc780000)
 ParOldGen       total 309760K, used 252099K [0x00000000e0000000, 0x00000000f2e80000, 0x00000000f5580000)
  object space 309760K, 81% used [0x00000000e0000000,0x00000000ef630c28,0x00000000f2e80000)
 Metaspace       used 105400K, capacity 112242K, committed 112512K, reserved 1146880K
  class space    used 13424K, capacity 14959K, committed 14976K, reserved 1048576K
}
Event: 407.529 GC heap before
{Heap before GC invocations=91 (full 6):
 PSYoungGen      total 116736K, used 67407K [0x00000000f5580000, 0x0000000100000000, 0x0000000100000000)
  eden space 58880K, 100% used [0x00000000f5580000,0x00000000f8f00000,0x00000000f8f00000)
  from space 57856K, 14% used [0x00000000fc780000,0x00000000fcfd3df8,0x0000000100000000)
  to   space 57856K, 0% used [0x00000000f8f00000,0x00000000f8f00000,0x00000000fc780000)
 ParOldGen       total 309760K, used 252099K [0x00000000e0000000, 0x00000000f2e80000, 0x00000000f5580000)
  object space 309760K, 81% used [0x00000000e0000000,0x00000000ef630c28,0x00000000f2e80000)
 Metaspace       used 105533K, capacity 112384K, committed 112512K, reserved 1146880K
  class space    used 13436K, capacity 14964K, committed 14976K, reserved 1048576K
Event: 407.543 GC heap after
Heap after GC invocations=91 (full 6):
 PSYoungGen      total 116736K, used 5664K [0x00000000f5580000, 0x0000000100000000, 0x0000000100000000)
  eden space 58880K, 0% used [0x00000000f5580000,0x00000000f5580000,0x00000000f8f00000)
  from space 57856K, 9% used [0x00000000f8f00000,0x00000000f9488220,0x00000000fc780000)
  to   space 57856K, 0% used [0x00000000fc780000,0x00000000fc780000,0x0000000100000000)
 ParOldGen       total 309760K, used 253379K [0x00000000e0000000, 0x00000000f2e80000, 0x00000000f5580000)
  object space 309760K, 81% used [0x00000000e0000000,0x00000000ef770c78,0x00000000f2e80000)
 Metaspace       used 105533K, capacity 112384K, committed 112512K, reserved 1146880K
  class space    used 13436K, capacity 14964K, committed 14976K, reserved 1048576K
}
Event: 408.585 GC heap before
{Heap before GC invocations=92 (full 6):
 PSYoungGen      total 116736K, used 64544K [0x00000000f5580000, 0x0000000100000000, 0x0000000100000000)
  eden space 58880K, 100% used [0x00000000f5580000,0x00000000f8f00000,0x00000000f8f00000)
  from space 57856K, 9% used [0x00000000f8f00000,0x00000000f9488220,0x00000000fc780000)
  to   space 57856K, 0% used [0x00000000fc780000,0x00000000fc780000,0x0000000100000000)
 ParOldGen       total 309760K, used 253379K [0x00000000e0000000, 0x00000000f2e80000, 0x00000000f5580000)
  object space 309760K, 81% used [0x00000000e0000000,0x00000000ef770c78,0x00000000f2e80000)
 Metaspace       used 108612K, capacity 115626K, committed 115840K, reserved 1148928K
  class space    used 13885K, capacity 15477K, committed 15488K, reserved 1048576K
Event: 408.597 GC heap after
Heap after GC invocations=92 (full 6):
 PSYoungGen      total 116736K, used 7821K [0x00000000f5580000, 0x0000000100000000, 0x0000000100000000)
  eden space 58880K, 0% used [0x00000000f5580000,0x00000000f5580000,0x00000000f8f00000)
  from space 57856K, 13% used [0x00000000fc780000,0x00000000fcf23520,0x0000000100000000)
  to   space 57856K, 0% used [0x00000000f8f00000,0x00000000f8f00000,0x00000000fc780000)
 ParOldGen       total 309760K, used 254075K [0x00000000e0000000, 0x00000000f2e80000, 0x00000000f5580000)
  object space 309760K, 82% used [0x00000000e0000000,0x00000000ef81ecd8,0x00000000f2e80000)
 Metaspace       used 108612K, capacity 115626K, committed 115840K, reserved 1148928K
  class space    used 13885K, capacity 15477K, committed 15488K, reserved 1048576K
}

